[debug] [2023-05-14T22:02:41.364Z] ----------------------------------------------------------------------
[debug] [2023-05-14T22:02:41.366Z] Command:       /usr/local/bin/node /usr/local/bin/firebase deploy
[debug] [2023-05-14T22:02:41.366Z] CLI Version:   12.0.0
[debug] [2023-05-14T22:02:41.366Z] Platform:      darwin
[debug] [2023-05-14T22:02:41.367Z] Node Version:  v16.16.0
[debug] [2023-05-14T22:02:41.368Z] Time:          Sun May 14 2023 17:02:41 GMT-0500 (Central Daylight Time)
[debug] [2023-05-14T22:02:41.368Z] ----------------------------------------------------------------------
[debug] 
[debug] [2023-05-14T22:02:41.442Z] > command requires scopes: ["email","openid","https://www.googleapis.com/auth/cloudplatformprojects.readonly","https://www.googleapis.com/auth/firebase","https://www.googleapis.com/auth/cloud-platform"]
[debug] [2023-05-14T22:02:41.442Z] > authorizing via signed-in user (ellensaylor8@gmail.com)
[debug] [2023-05-14T22:02:41.443Z] [iam] checking project haiti-home-of-hope for permissions ["firebase.projects.get","firebasehosting.sites.update"]
[debug] [2023-05-14T22:02:41.445Z] >>> [apiv2][query] POST https://cloudresourcemanager.googleapis.com/v1/projects/haiti-home-of-hope:testIamPermissions [none]
[debug] [2023-05-14T22:02:41.445Z] >>> [apiv2][(partial)header] POST https://cloudresourcemanager.googleapis.com/v1/projects/haiti-home-of-hope:testIamPermissions x-goog-quota-user=projects/haiti-home-of-hope
[debug] [2023-05-14T22:02:41.446Z] >>> [apiv2][body] POST https://cloudresourcemanager.googleapis.com/v1/projects/haiti-home-of-hope:testIamPermissions {"permissions":["firebase.projects.get","firebasehosting.sites.update"]}
[debug] [2023-05-14T22:02:41.633Z] <<< [apiv2][status] POST https://cloudresourcemanager.googleapis.com/v1/projects/haiti-home-of-hope:testIamPermissions 200
[debug] [2023-05-14T22:02:41.633Z] <<< [apiv2][body] POST https://cloudresourcemanager.googleapis.com/v1/projects/haiti-home-of-hope:testIamPermissions {"permissions":["firebase.projects.get","firebasehosting.sites.update"]}
[debug] [2023-05-14T22:02:41.634Z] >>> [apiv2][query] GET https://firebase.googleapis.com/v1beta1/projects/haiti-home-of-hope [none]
[debug] [2023-05-14T22:02:41.794Z] <<< [apiv2][status] GET https://firebase.googleapis.com/v1beta1/projects/haiti-home-of-hope 200
[debug] [2023-05-14T22:02:41.795Z] <<< [apiv2][body] GET https://firebase.googleapis.com/v1beta1/projects/haiti-home-of-hope {"projectId":"haiti-home-of-hope","projectNumber":"1021259231569","displayName":"Haiti Home of Hope","name":"projects/haiti-home-of-hope","resources":{"hostingSite":"haiti-home-of-hope"},"state":"ACTIVE","etag":"1_b3bda3ee-c52c-46ef-a8ef-c380fc407474"}
[debug] [2023-05-14T22:03:17.422Z] Error: Failed to collect page data for /about/mission
    at /Users/bensaylor/Documents/Development/Haiti-Home-Of-Hope/client/node_modules/next/dist/build/utils.js:1150:15
    at processTicksAndRejections (node:internal/process/task_queues:96:5)
[error] 
[error] Error: An unexpected error has occurred.
[debug] [2023-05-14T22:06:25.787Z] ----------------------------------------------------------------------
[debug] [2023-05-14T22:06:25.790Z] Command:       /usr/local/bin/node /usr/local/bin/firebase deploy
[debug] [2023-05-14T22:06:25.791Z] CLI Version:   12.0.0
[debug] [2023-05-14T22:06:25.792Z] Platform:      darwin
[debug] [2023-05-14T22:06:25.792Z] Node Version:  v16.16.0
[debug] [2023-05-14T22:06:25.796Z] Time:          Sun May 14 2023 17:06:25 GMT-0500 (Central Daylight Time)
[debug] [2023-05-14T22:06:25.797Z] ----------------------------------------------------------------------
[debug] 
[debug] [2023-05-14T22:06:25.894Z] > command requires scopes: ["email","openid","https://www.googleapis.com/auth/cloudplatformprojects.readonly","https://www.googleapis.com/auth/firebase","https://www.googleapis.com/auth/cloud-platform"]
[debug] [2023-05-14T22:06:25.894Z] > authorizing via signed-in user (ellensaylor8@gmail.com)
[debug] [2023-05-14T22:06:25.894Z] [iam] checking project haiti-home-of-hope for permissions ["firebase.projects.get","firebasehosting.sites.update"]
[debug] [2023-05-14T22:06:25.897Z] >>> [apiv2][query] POST https://cloudresourcemanager.googleapis.com/v1/projects/haiti-home-of-hope:testIamPermissions [none]
[debug] [2023-05-14T22:06:25.897Z] >>> [apiv2][(partial)header] POST https://cloudresourcemanager.googleapis.com/v1/projects/haiti-home-of-hope:testIamPermissions x-goog-quota-user=projects/haiti-home-of-hope
[debug] [2023-05-14T22:06:25.898Z] >>> [apiv2][body] POST https://cloudresourcemanager.googleapis.com/v1/projects/haiti-home-of-hope:testIamPermissions {"permissions":["firebase.projects.get","firebasehosting.sites.update"]}
[debug] [2023-05-14T22:06:26.076Z] <<< [apiv2][status] POST https://cloudresourcemanager.googleapis.com/v1/projects/haiti-home-of-hope:testIamPermissions 200
[debug] [2023-05-14T22:06:26.076Z] <<< [apiv2][body] POST https://cloudresourcemanager.googleapis.com/v1/projects/haiti-home-of-hope:testIamPermissions {"permissions":["firebase.projects.get","firebasehosting.sites.update"]}
[debug] [2023-05-14T22:06:26.077Z] >>> [apiv2][query] GET https://firebase.googleapis.com/v1beta1/projects/haiti-home-of-hope [none]
[debug] [2023-05-14T22:06:26.337Z] <<< [apiv2][status] GET https://firebase.googleapis.com/v1beta1/projects/haiti-home-of-hope 200
[debug] [2023-05-14T22:06:26.337Z] <<< [apiv2][body] GET https://firebase.googleapis.com/v1beta1/projects/haiti-home-of-hope {"projectId":"haiti-home-of-hope","projectNumber":"1021259231569","displayName":"Haiti Home of Hope","name":"projects/haiti-home-of-hope","resources":{"hostingSite":"haiti-home-of-hope"},"state":"ACTIVE","etag":"1_b3bda3ee-c52c-46ef-a8ef-c380fc407474"}
[debug] [2023-05-14T22:06:47.540Z] Error: Failed to collect page data for /about/mission
    at /Users/bensaylor/Documents/Development/Haiti-Home-Of-Hope/client/node_modules/next/dist/build/utils.js:1150:15
    at processTicksAndRejections (node:internal/process/task_queues:96:5)
[error] 
[error] Error: An unexpected error has occurred.
